Determining if the pthread_create exist failed with the following output:
Change Dir: /home/yangt/catkin_ws/src/path_smoothing/cmake-build-debug/CMakeFiles/CMakeTmp

Run Build Command:"/usr/bin/make" "cmTC_01682/fast"
/usr/bin/make -f CMakeFiles/cmTC_01682.dir/build.make CMakeFiles/cmTC_01682.dir/build
make[1]: Entering directory '/home/yangt/catkin_ws/src/path_smoothing/cmake-build-debug/CMakeFiles/CMakeTmp'
Building C object CMakeFiles/cmTC_01682.dir/CheckSymbolExists.c.o
/usr/bin/cc    -o CMakeFiles/cmTC_01682.dir/CheckSymbolExists.c.o   -c /home/yangt/catkin_ws/src/path_smoothing/cmake-build-debug/CMakeFiles/CMakeTmp/CheckSymbolExists.c
Linking C executable cmTC_01682
/home/yangt/workspace/software/clion-2017.2.3/bin/cmake/bin/cmake -E cmake_link_script CMakeFiles/cmTC_01682.dir/link.txt --verbose=1
/usr/bin/cc      -rdynamic CMakeFiles/cmTC_01682.dir/CheckSymbolExists.c.o  -o cmTC_01682 
CMakeFiles/cmTC_01682.dir/CheckSymbolExists.c.o: In function `main':
CheckSymbolExists.c:(.text+0x16): undefined reference to `pthread_create'
collect2: error: ld returned 1 exit status
CMakeFiles/cmTC_01682.dir/build.make:97: recipe for target 'cmTC_01682' failed
make[1]: *** [cmTC_01682] Error 1
make[1]: Leaving directory '/home/yangt/catkin_ws/src/path_smoothing/cmake-build-debug/CMakeFiles/CMakeTmp'
Makefile:126: recipe for target 'cmTC_01682/fast' failed
make: *** [cmTC_01682/fast] Error 2

File /home/yangt/catkin_ws/src/path_smoothing/cmake-build-debug/CMakeFiles/CMakeTmp/CheckSymbolExists.c:
/* */
#include <pthread.h>

int main(int argc, char** argv)
{
  (void)argv;
#ifndef pthread_create
  return ((int*)(&pthread_create))[argc];
#else
  (void)argc;
  return 0;
#endif
}

Determining if the function pthread_create exists in the pthreads failed with the following output:
Change Dir: /home/yangt/catkin_ws/src/path_smoothing/cmake-build-debug/CMakeFiles/CMakeTmp

Run Build Command:"/usr/bin/make" "cmTC_18c1e/fast"
/usr/bin/make -f CMakeFiles/cmTC_18c1e.dir/build.make CMakeFiles/cmTC_18c1e.dir/build
make[1]: Entering directory '/home/yangt/catkin_ws/src/path_smoothing/cmake-build-debug/CMakeFiles/CMakeTmp'
Building C object CMakeFiles/cmTC_18c1e.dir/CheckFunctionExists.c.o
/usr/bin/cc   -DCHECK_FUNCTION_EXISTS=pthread_create   -o CMakeFiles/cmTC_18c1e.dir/CheckFunctionExists.c.o   -c /home/yangt/workspace/software/clion-2017.2.3/bin/cmake/share/cmake-3.8/Modules/CheckFunctionExists.c
Linking C executable cmTC_18c1e
/home/yangt/workspace/software/clion-2017.2.3/bin/cmake/bin/cmake -E cmake_link_script CMakeFiles/cmTC_18c1e.dir/link.txt --verbose=1
/usr/bin/cc  -DCHECK_FUNCTION_EXISTS=pthread_create    -rdynamic CMakeFiles/cmTC_18c1e.dir/CheckFunctionExists.c.o  -o cmTC_18c1e -lpthreads 
/usr/bin/ld: cannot find -lpthreads
collect2: error: ld returned 1 exit status
CMakeFiles/cmTC_18c1e.dir/build.make:97: recipe for target 'cmTC_18c1e' failed
make[1]: *** [cmTC_18c1e] Error 1
make[1]: Leaving directory '/home/yangt/catkin_ws/src/path_smoothing/cmake-build-debug/CMakeFiles/CMakeTmp'
Makefile:126: recipe for target 'cmTC_18c1e/fast' failed
make: *** [cmTC_18c1e/fast] Error 2


